c:\users\joper\source\repos\movingdot\movingdot\debug\vc142.pdb
c:\users\joper\source\repos\movingdot\movingdot\debug\vc142.idb
c:\users\joper\source\repos\movingdot\movingdot\debug\main.obj
c:\users\joper\source\repos\movingdot\movingdot\debug\game.obj
c:\users\joper\source\repos\movingdot\movingdot\debug\dot.obj
c:\users\joper\source\repos\movingdot\movingdot\debug\map.obj
c:\users\joper\source\repos\movingdot\movingdot\debug\dothandler.obj
c:\users\joper\source\repos\movingdot\movingdot\debug\movright.obj
c:\users\joper\source\repos\movingdot\movingdot\debug\idotbehaviour.obj
c:\users\joper\source\repos\movingdot\movingdot\debug\sheepbehaviour.obj
c:\users\joper\source\repos\movingdot\movingdot\debug\dotfactory.obj
c:\users\joper\source\repos\movingdot\movingdot\debug\foodbehaviour.obj
c:\users\joper\source\repos\movingdot\movingdot\debug\deltatime.obj
c:\users\joper\source\repos\movingdot\movingdot\debug\dotsubhandler.obj
c:\users\joper\source\repos\movingdot\debug\movingdot.pdb
c:\users\joper\source\repos\movingdot\movingdot\debug\movingdot.tlog\cl.command.1.tlog
c:\users\joper\source\repos\movingdot\movingdot\debug\movingdot.tlog\cl.read.1.tlog
c:\users\joper\source\repos\movingdot\movingdot\debug\movingdot.tlog\cl.write.1.tlog
c:\users\joper\source\repos\movingdot\movingdot\debug\movingdot.tlog\link-cvtres.read.1.tlog
c:\users\joper\source\repos\movingdot\movingdot\debug\movingdot.tlog\link-cvtres.write.1.tlog
c:\users\joper\source\repos\movingdot\movingdot\debug\movingdot.tlog\link-rc.read.1.tlog
c:\users\joper\source\repos\movingdot\movingdot\debug\movingdot.tlog\link-rc.write.1.tlog
c:\users\joper\source\repos\movingdot\movingdot\debug\movingdot.tlog\link.3948-cvtres.read.1.tlog
c:\users\joper\source\repos\movingdot\movingdot\debug\movingdot.tlog\link.3948-cvtres.write.1.tlog
c:\users\joper\source\repos\movingdot\movingdot\debug\movingdot.tlog\link.3948-rc.read.1.tlog
c:\users\joper\source\repos\movingdot\movingdot\debug\movingdot.tlog\link.3948-rc.write.1.tlog
c:\users\joper\source\repos\movingdot\movingdot\debug\movingdot.tlog\link.3948.read.1.tlog
c:\users\joper\source\repos\movingdot\movingdot\debug\movingdot.tlog\link.3948.write.1.tlog
c:\users\joper\source\repos\movingdot\movingdot\debug\movingdot.tlog\link.command.1.tlog
c:\users\joper\source\repos\movingdot\movingdot\debug\movingdot.tlog\link.read.1.tlog
c:\users\joper\source\repos\movingdot\movingdot\debug\movingdot.tlog\link.write.1.tlog
